Performing C++ SOURCE FILE Test CMAKE_HAVE_LIBC_PTHREAD failed with the following output:
Change Dir: /home/aiit/Desktop/WolfVision-main/cmake-build-debug/CMakeFiles/CMakeTmp

Run Build Command(s):/usr/bin/make -f Makefile cmTC_3edb3/fast && /usr/bin/make  -f CMakeFiles/cmTC_3edb3.dir/build.make CMakeFiles/cmTC_3edb3.dir/build
make[1]: 进入目录“/home/aiit/Desktop/WolfVision-main/cmake-build-debug/CMakeFiles/CMakeTmp”
Building CXX object CMakeFiles/cmTC_3edb3.dir/src.cxx.o
/usr/bin/c++ -DCMAKE_HAVE_LIBC_PTHREAD  -Wall -Wextra -Wno-deprecated  -std=gnu++14 -o CMakeFiles/cmTC_3edb3.dir/src.cxx.o -c /home/aiit/Desktop/WolfVision-main/cmake-build-debug/CMakeFiles/CMakeTmp/src.cxx
Linking CXX executable cmTC_3edb3
/snap/clion/169/bin/cmake/linux/bin/cmake -E cmake_link_script CMakeFiles/cmTC_3edb3.dir/link.txt --verbose=1
/usr/bin/c++ -Wall -Wextra -Wno-deprecated  CMakeFiles/cmTC_3edb3.dir/src.cxx.o -o cmTC_3edb3 
CMakeFiles/cmTC_3edb3.dir/src.cxx.o：在函数‘main’中：
src.cxx:(.text+0x3e)：对‘pthread_create’未定义的引用
src.cxx:(.text+0x4a)：对‘pthread_detach’未定义的引用
src.cxx:(.text+0x56)：对‘pthread_cancel’未定义的引用
src.cxx:(.text+0x67)：对‘pthread_join’未定义的引用
src.cxx:(.text+0x7b)：对‘pthread_atfork’未定义的引用
collect2: error: ld returned 1 exit status
CMakeFiles/cmTC_3edb3.dir/build.make:98: recipe for target 'cmTC_3edb3' failed
make[1]: *** [cmTC_3edb3] Error 1
make[1]: 离开目录“/home/aiit/Desktop/WolfVision-main/cmake-build-debug/CMakeFiles/CMakeTmp”
Makefile:127: recipe for target 'cmTC_3edb3/fast' failed
make: *** [cmTC_3edb3/fast] Error 2


Source file was:
#include <pthread.h>

static void* test_func(void* data)
{
  return data;
}

int main(void)
{
  pthread_t thread;
  pthread_create(&thread, NULL, test_func, NULL);
  pthread_detach(thread);
  pthread_cancel(thread);
  pthread_join(thread, NULL);
  pthread_atfork(NULL, NULL, NULL);
  pthread_exit(NULL);

  return 0;
}

